Assembler report for dbg_top
Thu Dec  5 12:27:33 2024
Quartus Prime Version 22.1std.2 Build 922 07/20/2023 SC Standard Edition


---------------------
; Table of Contents ;
---------------------
  1. Legal Notice
  2. Assembler Summary
  3. Assembler Settings
  4. Assembler Generated Files
  5. Assembler Device Options: dbg_top.sof
  6. Assembler Messages



----------------
; Legal Notice ;
----------------
Copyright (C) 2023  Intel Corporation. All rights reserved.
Your use of Intel Corporation's design tools, logic functions 
and other software and tools, and any partner logic 
functions, and any output files from any of the foregoing 
(including device programming or simulation files), and any 
associated documentation or information are expressly subject 
to the terms and conditions of the Intel Program License 
Subscription Agreement, the Intel Quartus Prime License Agreement,
the Intel FPGA IP License Agreement, or other applicable license
agreement, including, without limitation, that your use is for
the sole purpose of programming logic devices manufactured by
Intel and sold by Intel or its authorized distributors.  Please
refer to the applicable agreement for further details, at
https://fpgasoftware.intel.com/eula.



+---------------------------------------------------------------+
; Assembler Summary                                             ;
+-----------------------+---------------------------------------+
; Assembler Status      ; Successful - Thu Dec  5 12:27:33 2024 ;
; Revision Name         ; dbg_top                               ;
; Top-level Entity Name ; dbg_top                               ;
; Family                ; Cyclone IV E                          ;
; Device                ; EP4CE115F29C7                         ;
+-----------------------+---------------------------------------+


+----------------------------------+
; Assembler Settings               ;
+--------+---------+---------------+
; Option ; Setting ; Default Value ;
+--------+---------+---------------+


+------------------------------------------------------------------------------------+
; Assembler Generated Files                                                          ;
+------------------------------------------------------------------------------------+
; File Name                                                                          ;
+------------------------------------------------------------------------------------+
; /homes/m12326119/hwmod_ws2024/chapter2/simplecalc/quartus/output_files/dbg_top.sof ;
+------------------------------------------------------------------------------------+


+---------------------------------------+
; Assembler Device Options: dbg_top.sof ;
+----------------+----------------------+
; Option         ; Setting              ;
+----------------+----------------------+
; JTAG usercode  ; 0x006C01C0           ;
; Checksum       ; 0x006C01C0           ;
+----------------+----------------------+


+--------------------+
; Assembler Messages ;
+--------------------+
Info: *******************************************************************
Info: Running Quartus Prime Assembler
    Info: Version 22.1std.2 Build 922 07/20/2023 SC Standard Edition
    Info: Processing started: Thu Dec  5 12:27:31 2024
Info: Command: quartus_asm --read_settings_files=off --write_settings_files=off dbg_top -c dbg_top
Info (115031): Writing out detailed assembly data for power analysis
Info (115030): Assembler is generating device programming files
Info: Quartus Prime Assembler was successful. 0 errors, 0 warnings
    Info: Peak virtual memory: 390 megabytes
    Info: Processing ended: Thu Dec  5 12:27:33 2024
    Info: Elapsed time: 00:00:02
    Info: Total CPU time (on all processors): 00:00:01


