Flow report for dbg_top
Mon Jan 20 15:31:13 2025
Quartus Prime Version 22.1std.2 Build 922 07/20/2023 SC Lite Edition


---------------------
; Table of Contents ;
---------------------
  1. Legal Notice
  2. Flow Summary
  3. Flow Settings
  4. Flow Non-Default Global Settings
  5. Flow Elapsed Time
  6. Flow OS Summary
  7. Flow Log
  8. Flow Messages
  9. Flow Suppressed Messages



----------------
; Legal Notice ;
----------------
Copyright (C) 2023  Intel Corporation. All rights reserved.
Your use of Intel Corporation's design tools, logic functions 
and other software and tools, and any partner logic 
functions, and any output files from any of the foregoing 
(including device programming or simulation files), and any 
associated documentation or information are expressly subject 
to the terms and conditions of the Intel Program License 
Subscription Agreement, the Intel Quartus Prime License Agreement,
the Intel FPGA IP License Agreement, or other applicable license
agreement, including, without limitation, that your use is for
the sole purpose of programming logic devices manufactured by
Intel and sold by Intel or its authorized distributors.  Please
refer to the applicable agreement for further details, at
https://fpgasoftware.intel.com/eula.



+-------------------------------------------------------------------------------------+
; Flow Summary                                                                        ;
+------------------------------------+------------------------------------------------+
; Flow Status                        ; Successful - Mon Jan 20 15:31:13 2025          ;
; Quartus Prime Version              ; 22.1std.2 Build 922 07/20/2023 SC Lite Edition ;
; Revision Name                      ; dbg_top                                        ;
; Top-level Entity Name              ; dbg_top                                        ;
; Family                             ; Cyclone IV E                                   ;
; Device                             ; EP4CE115F29C7                                  ;
; Timing Models                      ; Final                                          ;
; Total logic elements               ; 2,433 / 114,480 ( 2 % )                        ;
;     Total combinational functions  ; 2,244 / 114,480 ( 2 % )                        ;
;     Dedicated logic registers      ; 1,175 / 114,480 ( 1 % )                        ;
; Total registers                    ; 1175                                           ;
; Total pins                         ; 221 / 529 ( 42 % )                             ;
; Total virtual pins                 ; 0                                              ;
; Total memory bits                  ; 8,448 / 3,981,312 ( < 1 % )                    ;
; Embedded Multiplier 9-bit elements ; 0 / 532 ( 0 % )                                ;
; Total PLLs                         ; 0 / 4 ( 0 % )                                  ;
+------------------------------------+------------------------------------------------+


+-----------------------------------------+
; Flow Settings                           ;
+-------------------+---------------------+
; Option            ; Setting             ;
+-------------------+---------------------+
; Start date & time ; 01/20/2025 15:30:46 ;
; Main task         ; Compilation         ;
; Revision Name     ; dbg_top             ;
+-------------------+---------------------+


+-----------------------------------------------------------------------------------------------------------------------------+
; Flow Non-Default Global Settings                                                                                            ;
+-------------------------------------+----------------------------------------+---------------+-------------+----------------+
; Assignment Name                     ; Value                                  ; Default Value ; Entity Name ; Section Id     ;
+-------------------------------------+----------------------------------------+---------------+-------------+----------------+
; COMPILER_SIGNATURE_ID               ; 8796749099720.173740504604718          ; --            ; --          ; --             ;
; EDA_OUTPUT_DATA_FORMAT              ; Vhdl                                   ; --            ; --          ; eda_simulation ;
; EDA_SIMULATION_TOOL                 ; ModelSim (VHDL)                        ; <None>        ; --          ; --             ;
; EDA_TIME_SCALE                      ; 1 ps                                   ; --            ; --          ; eda_simulation ;
; MAX_CORE_JUNCTION_TEMP              ; 85                                     ; --            ; --          ; --             ;
; MIN_CORE_JUNCTION_TEMP              ; 0                                      ; --            ; --          ; --             ;
; PARTITION_COLOR                     ; -- (Not supported for targeted family) ; --            ; --          ; Top            ;
; PARTITION_FITTER_PRESERVATION_LEVEL ; -- (Not supported for targeted family) ; --            ; --          ; Top            ;
; PARTITION_NETLIST_TYPE              ; -- (Not supported for targeted family) ; --            ; --          ; Top            ;
; POWER_BOARD_THERMAL_MODEL           ; None (CONSERVATIVE)                    ; --            ; --          ; --             ;
; POWER_PRESET_COOLING_SOLUTION       ; 23 MM HEAT SINK WITH 200 LFPM AIRFLOW  ; --            ; --          ; --             ;
; PROJECT_OUTPUT_DIRECTORY            ; output_files                           ; --            ; --          ; --             ;
; VHDL_INPUT_VERSION                  ; VHDL_2008                              ; VHDL_1993     ; --          ; --             ;
; VHDL_SHOW_LMF_MAPPING_MESSAGES      ; Off                                    ; --            ; --          ; --             ;
+-------------------------------------+----------------------------------------+---------------+-------------+----------------+


+--------------------------------------------------------------------------------------------------------------------------+
; Flow Elapsed Time                                                                                                        ;
+----------------------+--------------+-------------------------+---------------------+------------------------------------+
; Module Name          ; Elapsed Time ; Average Processors Used ; Peak Virtual Memory ; Total CPU Time (on all processors) ;
+----------------------+--------------+-------------------------+---------------------+------------------------------------+
; Analysis & Synthesis ; 00:00:06     ; 1.0                     ; 664 MB              ; 00:00:11                           ;
; Fitter               ; 00:00:11     ; 1.1                     ; 1386 MB             ; 00:00:14                           ;
; Assembler            ; 00:00:02     ; 1.0                     ; 582 MB              ; 00:00:02                           ;
; Timing Analyzer      ; 00:00:01     ; 1.2                     ; 791 MB              ; 00:00:02                           ;
; EDA Netlist Writer   ; 00:00:01     ; 1.0                     ; 831 MB              ; 00:00:00                           ;
; Total                ; 00:00:21     ; --                      ; --                  ; 00:00:29                           ;
+----------------------+--------------+-------------------------+---------------------+------------------------------------+


+--------------------------------------------------------------------------------------------------+
; Flow OS Summary                                                                                  ;
+----------------------+------------------+-------------------+-------------------+----------------+
; Module Name          ; Machine Hostname ; OS Name           ; OS Version        ; Processor type ;
+----------------------+------------------+-------------------+-------------------+----------------+
; Analysis & Synthesis ; vbox             ; AlmaLinux release ; AlmaLinux release ; x86_64         ;
; Fitter               ; vbox             ; AlmaLinux release ; AlmaLinux release ; x86_64         ;
; Assembler            ; vbox             ; AlmaLinux release ; AlmaLinux release ; x86_64         ;
; Timing Analyzer      ; vbox             ; AlmaLinux release ; AlmaLinux release ; x86_64         ;
; EDA Netlist Writer   ; vbox             ; AlmaLinux release ; AlmaLinux release ; x86_64         ;
+----------------------+------------------+-------------------+-------------------+----------------+


------------
; Flow Log ;
------------
quartus_map --read_settings_files=on --write_settings_files=off dbg_top -c dbg_top
quartus_fit --read_settings_files=off --write_settings_files=off dbg_top -c dbg_top
quartus_asm --read_settings_files=off --write_settings_files=off dbg_top -c dbg_top
quartus_sta dbg_top -c dbg_top
quartus_eda --read_settings_files=off --write_settings_files=off dbg_top -c dbg_top



